2014-03-07 14:16:17,038 - Log4JLogChute initialized using file 'velocity.log'
2014-03-07 14:16:17,038 - Initializing Velocity, Calling init()...
2014-03-07 14:16:17,038 - Starting Apache Velocity v1.7 (compiled: 2010-11-19 12:14:37)
2014-03-07 14:16:17,038 - Default Properties File: org/apache/velocity/runtime/defaults/velocity.properties
2014-03-07 14:16:17,038 - Trying to use logger class org.apache.velocity.runtime.log.AvalonLogChute
2014-03-07 14:16:17,038 - Target log system for org.apache.velocity.runtime.log.AvalonLogChute is not available (java.lang.NoClassDefFoundError: org/apache/log/format/Formatter).  Falling back to next log system...
2014-03-07 14:16:17,038 - Trying to use logger class org.apache.velocity.runtime.log.Log4JLogChute
2014-03-07 14:16:17,038 - Using logger class org.apache.velocity.runtime.log.Log4JLogChute
2014-03-07 14:16:17,056 - ResourceLoader instantiated: org.apache.velocity.runtime.resource.loader.FileResourceLoader
2014-03-07 14:16:17,057 - Do unicode file recognition:  false
2014-03-07 14:16:17,057 - FileResourceLoader : adding path '.'
2014-03-07 14:16:17,080 - ResourceCache: initialized (class org.apache.velocity.runtime.resource.ResourceCacheImpl) with class java.util.Collections$SynchronizedMap cache map.
2014-03-07 14:16:17,085 - Loaded System Directive: org.apache.velocity.runtime.directive.Stop
2014-03-07 14:16:17,086 - Loaded System Directive: org.apache.velocity.runtime.directive.Define
2014-03-07 14:16:17,100 - Loaded System Directive: org.apache.velocity.runtime.directive.Break
2014-03-07 14:16:17,101 - Loaded System Directive: org.apache.velocity.runtime.directive.Evaluate
2014-03-07 14:16:17,101 - Loaded System Directive: org.apache.velocity.runtime.directive.Literal
2014-03-07 14:16:17,103 - Loaded System Directive: org.apache.velocity.runtime.directive.Macro
2014-03-07 14:16:17,104 - Loaded System Directive: org.apache.velocity.runtime.directive.Parse
2014-03-07 14:16:17,105 - Loaded System Directive: org.apache.velocity.runtime.directive.Include
2014-03-07 14:16:17,105 - Loaded System Directive: org.apache.velocity.runtime.directive.Foreach
2014-03-07 14:16:17,232 - Created '20' parsers.
2014-03-07 14:16:17,249 - Velocimacro : "velocimacro.library" is not set.  Trying default library: VM_global_library.vm
2014-03-07 14:16:17,249 - Velocimacro : Default library not found.
2014-03-07 14:16:17,249 - Velocimacro : allowInline = true : VMs can be defined inline in templates
2014-03-07 14:16:17,249 - Velocimacro : allowInlineToOverride = false : VMs defined inline may NOT replace previous VM definitions
2014-03-07 14:16:17,250 - Velocimacro : allowInlineLocal = false : VMs defined inline will be global in scope if allowed.
2014-03-07 14:16:17,250 - Velocimacro : autoload off : VM system will not automatically reload global library macros
2014-03-07 14:19:12,624 - Log4JLogChute initialized using file 'velocity.log'
2014-03-07 14:19:12,630 - Initializing Velocity, Calling init()...
2014-03-07 14:19:12,630 - Starting Apache Velocity v1.7 (compiled: 2010-11-19 12:14:37)
2014-03-07 14:19:12,630 - Default Properties File: org/apache/velocity/runtime/defaults/velocity.properties
2014-03-07 14:19:12,630 - Trying to use logger class org.apache.velocity.runtime.log.AvalonLogChute
2014-03-07 14:19:12,630 - Target log system for org.apache.velocity.runtime.log.AvalonLogChute is not available (java.lang.NoClassDefFoundError: org/apache/log/format/Formatter).  Falling back to next log system...
2014-03-07 14:19:12,630 - Trying to use logger class org.apache.velocity.runtime.log.Log4JLogChute
2014-03-07 14:19:12,630 - Using logger class org.apache.velocity.runtime.log.Log4JLogChute
2014-03-07 14:19:12,657 - ResourceLoader instantiated: org.apache.velocity.runtime.resource.loader.FileResourceLoader
2014-03-07 14:19:12,659 - Do unicode file recognition:  false
2014-03-07 14:19:12,659 - FileResourceLoader : adding path '.'
2014-03-07 14:19:12,692 - ResourceCache: initialized (class org.apache.velocity.runtime.resource.ResourceCacheImpl) with class java.util.Collections$SynchronizedMap cache map.
2014-03-07 14:19:12,697 - Loaded System Directive: org.apache.velocity.runtime.directive.Stop
2014-03-07 14:19:12,702 - Loaded System Directive: org.apache.velocity.runtime.directive.Define
2014-03-07 14:19:12,710 - Loaded System Directive: org.apache.velocity.runtime.directive.Break
2014-03-07 14:19:12,711 - Loaded System Directive: org.apache.velocity.runtime.directive.Evaluate
2014-03-07 14:19:12,711 - Loaded System Directive: org.apache.velocity.runtime.directive.Literal
2014-03-07 14:19:12,712 - Loaded System Directive: org.apache.velocity.runtime.directive.Macro
2014-03-07 14:19:12,713 - Loaded System Directive: org.apache.velocity.runtime.directive.Parse
2014-03-07 14:19:12,721 - Loaded System Directive: org.apache.velocity.runtime.directive.Include
2014-03-07 14:19:12,725 - Loaded System Directive: org.apache.velocity.runtime.directive.Foreach
2014-03-07 14:19:12,807 - Created '20' parsers.
2014-03-07 14:19:12,819 - Velocimacro : "velocimacro.library" is not set.  Trying default library: VM_global_library.vm
2014-03-07 14:19:12,820 - Velocimacro : Default library not found.
2014-03-07 14:19:12,820 - Velocimacro : allowInline = true : VMs can be defined inline in templates
2014-03-07 14:19:12,820 - Velocimacro : allowInlineToOverride = false : VMs defined inline may NOT replace previous VM definitions
2014-03-07 14:19:12,820 - Velocimacro : allowInlineLocal = false : VMs defined inline will be global in scope if allowed.
2014-03-07 14:19:12,821 - Velocimacro : autoload off : VM system will not automatically reload global library macros
2014-03-07 14:20:09,313 - Log4JLogChute initialized using file 'velocity.log'
2014-03-07 14:20:09,313 - Initializing Velocity, Calling init()...
2014-03-07 14:20:09,313 - Starting Apache Velocity v1.7 (compiled: 2010-11-19 12:14:37)
2014-03-07 14:20:09,313 - Default Properties File: org/apache/velocity/runtime/defaults/velocity.properties
2014-03-07 14:20:09,313 - Trying to use logger class org.apache.velocity.runtime.log.AvalonLogChute
2014-03-07 14:20:09,313 - Target log system for org.apache.velocity.runtime.log.AvalonLogChute is not available (java.lang.NoClassDefFoundError: org/apache/log/format/Formatter).  Falling back to next log system...
2014-03-07 14:20:09,314 - Trying to use logger class org.apache.velocity.runtime.log.Log4JLogChute
2014-03-07 14:20:09,314 - Using logger class org.apache.velocity.runtime.log.Log4JLogChute
2014-03-07 14:20:09,325 - ResourceLoader instantiated: org.apache.velocity.runtime.resource.loader.FileResourceLoader
2014-03-07 14:20:09,326 - Do unicode file recognition:  false
2014-03-07 14:20:09,326 - FileResourceLoader : adding path '.'
2014-03-07 14:20:09,342 - ResourceCache: initialized (class org.apache.velocity.runtime.resource.ResourceCacheImpl) with class java.util.Collections$SynchronizedMap cache map.
2014-03-07 14:20:09,344 - Loaded System Directive: org.apache.velocity.runtime.directive.Stop
2014-03-07 14:20:09,344 - Loaded System Directive: org.apache.velocity.runtime.directive.Define
2014-03-07 14:20:09,345 - Loaded System Directive: org.apache.velocity.runtime.directive.Break
2014-03-07 14:20:09,345 - Loaded System Directive: org.apache.velocity.runtime.directive.Evaluate
2014-03-07 14:20:09,346 - Loaded System Directive: org.apache.velocity.runtime.directive.Literal
2014-03-07 14:20:09,346 - Loaded System Directive: org.apache.velocity.runtime.directive.Macro
2014-03-07 14:20:09,347 - Loaded System Directive: org.apache.velocity.runtime.directive.Parse
2014-03-07 14:20:09,348 - Loaded System Directive: org.apache.velocity.runtime.directive.Include
2014-03-07 14:20:09,349 - Loaded System Directive: org.apache.velocity.runtime.directive.Foreach
2014-03-07 14:20:09,385 - Created '20' parsers.
2014-03-07 14:20:09,390 - Velocimacro : "velocimacro.library" is not set.  Trying default library: VM_global_library.vm
2014-03-07 14:20:09,390 - Velocimacro : Default library not found.
2014-03-07 14:20:09,390 - Velocimacro : allowInline = true : VMs can be defined inline in templates
2014-03-07 14:20:09,391 - Velocimacro : allowInlineToOverride = false : VMs defined inline may NOT replace previous VM definitions
2014-03-07 14:20:09,391 - Velocimacro : allowInlineLocal = false : VMs defined inline will be global in scope if allowed.
2014-03-07 14:20:09,391 - Velocimacro : autoload off : VM system will not automatically reload global library macros
